<?xml version="1.0" encoding="UTF-8"?>
<!-- Generated by org.testng.reporters.JUnitReportReporter -->
<testsuite hostname="LAPTOP-K9R4RSIU" failures="0" tests="1" name="com.edu.Testng.MaaaTestnDemo" time="0.023" errors="0" timestamp="13 Feb 2021 15:01:18 GMT" skipped="0">
  <testcase classname="com.edu.Testng.MaaaTestnDemo" name="show" time="0.023"/>
</testsuite> <!-- com.edu.Testng.MaaaTestnDemo -->
