<?xml version="1.0" encoding="UTF-8"?>
<!-- Generated by org.testng.reporters.JUnitReportReporter -->
<testsuite hostname="LAPTOP-K9R4RSIU" failures="0" tests="7" name="com.edu.Testng.CreateUserTask" time="0.039" errors="0" timestamp="15 Feb 2021 17:01:44 GMT" skipped="0">
  <testcase classname="com.edu.Testng.CreateUserTask" name="DeleteTask" time="0.003"/>
  <testcase classname="com.edu.Testng.CreateUserTask" name="DeleteTask" time="0.002"/>
  <testcase classname="com.edu.Testng.CreateUserTask" name="DeleteTask" time="0.015"/>
  <testcase classname="com.edu.Testng.CreateUserTask" name="DeleteTask" time="0.000"/>
  <testcase classname="com.edu.Testng.CreateUserTask" name="ModifyTask" time="0.015"/>
  <testcase classname="com.edu.Testng.CreateUserTask" name="show" time="0.000"/>
  <testcase classname="com.edu.Testng.CreateUserTask" name="DeleteTask" time="0.004"/>
</testsuite> <!-- com.edu.Testng.CreateUserTask -->
